<?xml version="1.0" encoding="UTF-8"?>
<testng-results skipped="0" failed="0" ignored="0" total="1" passed="1">
  <reporter-output>
  </reporter-output>
  <suite name="Suite" duration-ms="31566" started-at="2020-05-22T13:36:07Z" finished-at="2020-05-22T13:36:39Z">
    <groups>
    </groups>
    <test name="Test" duration-ms="31566" started-at="2020-05-22T13:36:07Z" finished-at="2020-05-22T13:36:39Z">
      <class name="tests.NewTest">
        <test-method status="PASS" signature="beforeClass()[pri:0, instance:tests.NewTest@e874448]" name="beforeClass" is-config="true" duration-ms="5268" started-at="2020-05-22T13:36:07Z" finished-at="2020-05-22T13:36:13Z">
          <reporter-output>
          </reporter-output>
        </test-method> <!-- beforeClass -->
        <test-method status="PASS" signature="openMyBlog()[pri:0, instance:tests.NewTest@e874448]" name="openMyBlog" duration-ms="25742" started-at="2020-05-22T13:36:13Z" finished-at="2020-05-22T13:36:38Z">
          <reporter-output>
          </reporter-output>
        </test-method> <!-- openMyBlog -->
        <test-method status="PASS" signature="afterClass()[pri:0, instance:tests.NewTest@e874448]" name="afterClass" is-config="true" duration-ms="524" started-at="2020-05-22T13:36:38Z" finished-at="2020-05-22T13:36:39Z">
          <reporter-output>
          </reporter-output>
        </test-method> <!-- afterClass -->
      </class> <!-- tests.NewTest -->
    </test> <!-- Test -->
  </suite> <!-- Suite -->
</testng-results>
